<?xml version="1.0" encoding="utf-8"?>
<CoverageSession xmlns:xsd="http://www.w3.org/2001/XMLSchema" xmlns:xsi="http://www.w3.org/2001/XMLSchema-instance" Version="0.0.0.0">
  <Summary numSequencePoints="67" visitedSequencePoints="66" numBranchPoints="0" visitedBranchPoints="0" sequenceCoverage="98.51" branchCoverage="0.0" maxCyclomaticComplexity="0" minCyclomaticComplexity="0" maxCrapScore="0" minCrapScore="0" visitedClasses="4" numClasses="4" visitedMethods="15" numMethods="15" />
  <Modules>
    <Module>
      <Summary numSequencePoints="67" visitedSequencePoints="66" numBranchPoints="0" visitedBranchPoints="0" sequenceCoverage="98.51" branchCoverage="0.0" maxCyclomaticComplexity="0" minCyclomaticComplexity="0" maxCrapScore="0" minCrapScore="0" visitedClasses="4" numClasses="4" visitedMethods="15" numMethods="15" />
      <ModuleTime>0001-01-01T00:00:00</ModuleTime>
      <ModuleName>SecurityAffairs</ModuleName>
      <Files>
        <File uid="1" fullPath="I:/GameDev/Unity Projects del Disco duro de Sergio/SecurityAffairs/Assets/Scripts/Constants.cs" />
        <File uid="2" fullPath="I:/GameDev/Unity Projects del Disco duro de Sergio/SecurityAffairs/Assets/Scripts/DisableImage.cs" />
        <File uid="3" fullPath="I:/GameDev/Unity Projects del Disco duro de Sergio/SecurityAffairs/Assets/Scripts/Engine.cs" />
        <File uid="4" fullPath="I:/GameDev/Unity Projects del Disco duro de Sergio/SecurityAffairs/Assets/Scripts/Installers/GameInstaller.cs" />
        <File uid="5" fullPath="I:/GameDev/Unity Projects del Disco duro de Sergio/SecurityAffairs/Assets/Scripts/PlaySoundScript.cs" />
        <File uid="6" fullPath="I:/GameDev/Unity Projects del Disco duro de Sergio/SecurityAffairs/Assets/Scripts/ResolutionSelector.cs" />
        <File uid="7" fullPath="I:/GameDev/Unity Projects del Disco duro de Sergio/SecurityAffairs/Assets/Scripts/Selectable.cs" />
        <File uid="8" fullPath="I:/GameDev/Unity Projects del Disco duro de Sergio/SecurityAffairs/Assets/Scripts/Services/AudioService.cs" />
        <File uid="9" fullPath="I:/GameDev/Unity Projects del Disco duro de Sergio/SecurityAffairs/Assets/Scripts/Services/FindablesService.cs" />
        <File uid="10" fullPath="I:/GameDev/Unity Projects del Disco duro de Sergio/SecurityAffairs/Assets/Scripts/Services/ResolutionsService.cs" />
        <File uid="11" fullPath="I:/GameDev/Unity Projects del Disco duro de Sergio/SecurityAffairs/Assets/Scripts/Services/SelectablesManager.cs" />
        <File uid="12" fullPath="I:/GameDev/Unity Projects del Disco duro de Sergio/SecurityAffairs/Assets/Scripts/SwitchClickableChildren.cs" />
      </Files>
      <Classes>
        <Class>
          <Summary numSequencePoints="2" visitedSequencePoints="2" numBranchPoints="0" visitedBranchPoints="0" sequenceCoverage="100.0" branchCoverage="0.0" maxCyclomaticComplexity="0" minCyclomaticComplexity="0" maxCrapScore="0" minCrapScore="0" visitedClasses="1" numClasses="1" visitedMethods="1" numMethods="1" />
          <FullName>Engine</FullName>
          <Methods>
            <Method visited="true" cyclomaticComplexity="0" nPathComplexity="0" sequenceCoverage="100.0" branchCoverage="0" crapScore="0" isConstructor="true" isStatic="false" isGetter="false" isSetter="false">
              <Summary numSequencePoints="2" visitedSequencePoints="2" numBranchPoints="0" visitedBranchPoints="0" sequenceCoverage="100.0" branchCoverage="0" maxCyclomaticComplexity="0" minCyclomaticComplexity="0" maxCrapScore="0" minCrapScore="0" visitedClasses="0" numClasses="0" visitedMethods="1" numMethods="1" />
              <MetadataToken>100663308</MetadataToken>
              <Name>Engine::Engine()</Name>
              <FileRef uid="3" />
              <SequencePoints>
                <SequencePoint vc="1" uspid="211" ordinal="0" offset="0" sl="10" sc="5" el="10" ec="5" bec="0" bev="0" fileid="3" />
                <SequencePoint vc="1" uspid="212" ordinal="0" offset="7" sl="11" sc="5" el="11" ec="5" bec="0" bev="0" fileid="3" />
              </SequencePoints>
              <BranchPoints />
            </Method>
          </Methods>
        </Class>
        <Class>
          <Summary numSequencePoints="15" visitedSequencePoints="15" numBranchPoints="0" visitedBranchPoints="0" sequenceCoverage="100.0" branchCoverage="0.0" maxCyclomaticComplexity="0" minCyclomaticComplexity="0" maxCrapScore="0" minCrapScore="0" visitedClasses="1" numClasses="1" visitedMethods="5" numMethods="5" />
          <FullName>Selectable</FullName>
          <Methods>
            <Method visited="true" cyclomaticComplexity="0" nPathComplexity="0" sequenceCoverage="100.0" branchCoverage="0" crapScore="0" isConstructor="false" isStatic="false" isGetter="true" isSetter="false">
              <Summary numSequencePoints="1" visitedSequencePoints="1" numBranchPoints="0" visitedBranchPoints="0" sequenceCoverage="100.0" branchCoverage="0" maxCyclomaticComplexity="0" minCyclomaticComplexity="0" maxCrapScore="0" minCrapScore="0" visitedClasses="0" numClasses="0" visitedMethods="1" numMethods="1" />
              <MetadataToken>100663321</MetadataToken>
              <Name>System.Boolean Selectable::get_Found()</Name>
              <FileRef uid="7" />
              <SequencePoints>
                <SequencePoint vc="2" uspid="241" ordinal="0" offset="0" sl="10" sc="26" el="10" ec="26" bec="0" bev="0" fileid="7" />
              </SequencePoints>
              <BranchPoints />
            </Method>
            <Method visited="true" cyclomaticComplexity="0" nPathComplexity="0" sequenceCoverage="100.0" branchCoverage="0" crapScore="0" isConstructor="false" isStatic="false" isGetter="false" isSetter="false">
              <Summary numSequencePoints="7" visitedSequencePoints="7" numBranchPoints="0" visitedBranchPoints="0" sequenceCoverage="100.0" branchCoverage="0" maxCyclomaticComplexity="0" minCyclomaticComplexity="0" maxCrapScore="0" minCrapScore="0" visitedClasses="0" numClasses="0" visitedMethods="1" numMethods="1" />
              <MetadataToken>100663324</MetadataToken>
              <Name>System.Void Selectable::FindSelectable()</Name>
              <FileRef uid="7" />
              <SequencePoints>
                <SequencePoint vc="2" uspid="242" ordinal="0" offset="0" sl="15" sc="5" el="15" ec="5" bec="0" bev="0" fileid="7" />
                <SequencePoint vc="2" uspid="243" ordinal="0" offset="1" sl="17" sc="9" el="17" ec="9" bec="0" bev="0" fileid="7" />
                <SequencePoint vc="2" uspid="244" ordinal="0" offset="25" sl="18" sc="9" el="18" ec="9" bec="0" bev="0" fileid="7" />
                <SequencePoint vc="2" uspid="245" ordinal="0" offset="26" sl="19" sc="13" el="19" ec="13" bec="0" bev="0" fileid="7" />
                <SequencePoint vc="2" uspid="246" ordinal="0" offset="33" sl="20" sc="13" el="20" ec="13" bec="0" bev="0" fileid="7" />
                <SequencePoint vc="2" uspid="247" ordinal="0" offset="52" sl="21" sc="9" el="21" ec="9" bec="0" bev="0" fileid="7" />
                <SequencePoint vc="2" uspid="248" ordinal="0" offset="53" sl="22" sc="5" el="22" ec="5" bec="0" bev="0" fileid="7" />
              </SequencePoints>
              <BranchPoints />
            </Method>
            <Method visited="true" cyclomaticComplexity="0" nPathComplexity="0" sequenceCoverage="100.0" branchCoverage="0" crapScore="0" isConstructor="false" isStatic="false" isGetter="false" isSetter="false">
              <Summary numSequencePoints="3" visitedSequencePoints="3" numBranchPoints="0" visitedBranchPoints="0" sequenceCoverage="100.0" branchCoverage="0" maxCyclomaticComplexity="0" minCyclomaticComplexity="0" maxCrapScore="0" minCrapScore="0" visitedClasses="0" numClasses="0" visitedMethods="1" numMethods="1" />
              <MetadataToken>100663325</MetadataToken>
              <Name>System.Void Selectable::SwitchClicable()</Name>
              <FileRef uid="7" />
              <SequencePoints>
                <SequencePoint vc="2" uspid="249" ordinal="0" offset="0" sl="25" sc="5" el="25" ec="5" bec="0" bev="0" fileid="7" />
                <SequencePoint vc="2" uspid="250" ordinal="0" offset="1" sl="26" sc="9" el="26" ec="9" bec="0" bev="0" fileid="7" />
                <SequencePoint vc="2" uspid="251" ordinal="0" offset="16" sl="27" sc="5" el="27" ec="5" bec="0" bev="0" fileid="7" />
              </SequencePoints>
              <BranchPoints />
            </Method>
            <Method visited="true" cyclomaticComplexity="0" nPathComplexity="0" sequenceCoverage="100.0" branchCoverage="0" crapScore="0" isConstructor="false" isStatic="false" isGetter="false" isSetter="false">
              <Summary numSequencePoints="3" visitedSequencePoints="3" numBranchPoints="0" visitedBranchPoints="0" sequenceCoverage="100.0" branchCoverage="0" maxCyclomaticComplexity="0" minCyclomaticComplexity="0" maxCrapScore="0" minCrapScore="0" visitedClasses="0" numClasses="0" visitedMethods="1" numMethods="1" />
              <MetadataToken>100663326</MetadataToken>
              <Name>System.Void Selectable::ResetFindable()</Name>
              <FileRef uid="7" />
              <SequencePoints>
                <SequencePoint vc="12" uspid="252" ordinal="0" offset="0" sl="30" sc="5" el="30" ec="5" bec="0" bev="0" fileid="7" />
                <SequencePoint vc="12" uspid="253" ordinal="0" offset="1" sl="31" sc="9" el="31" ec="9" bec="0" bev="0" fileid="7" />
                <SequencePoint vc="12" uspid="254" ordinal="0" offset="8" sl="32" sc="5" el="32" ec="5" bec="0" bev="0" fileid="7" />
              </SequencePoints>
              <BranchPoints />
            </Method>
            <Method visited="true" cyclomaticComplexity="0" nPathComplexity="0" sequenceCoverage="100.0" branchCoverage="0" crapScore="0" isConstructor="true" isStatic="false" isGetter="false" isSetter="false">
              <Summary numSequencePoints="1" visitedSequencePoints="1" numBranchPoints="0" visitedBranchPoints="0" sequenceCoverage="100.0" branchCoverage="0" maxCyclomaticComplexity="0" minCyclomaticComplexity="0" maxCrapScore="0" minCrapScore="0" visitedClasses="0" numClasses="0" visitedMethods="1" numMethods="1" />
              <MetadataToken>100663327</MetadataToken>
              <Name>Selectable::Selectable()</Name>
              <FileRef uid="7" />
              <SequencePoints>
                <SequencePoint vc="6" uspid="255" ordinal="0" offset="0" sl="6" sc="5" el="6" ec="5" bec="0" bev="0" fileid="7" />
              </SequencePoints>
              <BranchPoints />
            </Method>
          </Methods>
        </Class>
        <Class>
          <Summary numSequencePoints="24" visitedSequencePoints="24" numBranchPoints="0" visitedBranchPoints="0" sequenceCoverage="100.0" branchCoverage="0.0" maxCyclomaticComplexity="0" minCyclomaticComplexity="0" maxCrapScore="0" minCrapScore="0" visitedClasses="1" numClasses="1" visitedMethods="5" numMethods="5" />
          <FullName>FindablesService</FullName>
          <Methods>
            <Method visited="true" cyclomaticComplexity="0" nPathComplexity="0" sequenceCoverage="100.0" branchCoverage="0" crapScore="0" isConstructor="false" isStatic="false" isGetter="true" isSetter="false">
              <Summary numSequencePoints="1" visitedSequencePoints="1" numBranchPoints="0" visitedBranchPoints="0" sequenceCoverage="100.0" branchCoverage="0" maxCyclomaticComplexity="0" minCyclomaticComplexity="0" maxCrapScore="0" minCrapScore="0" visitedClasses="0" numClasses="0" visitedMethods="1" numMethods="1" />
              <MetadataToken>100663331</MetadataToken>
              <Name>System.Int32 FindablesService::get_Founds()</Name>
              <FileRef uid="9" />
              <SequencePoints>
                <SequencePoint vc="5" uspid="262" ordinal="0" offset="0" sl="6" sc="26" el="6" ec="26" bec="0" bev="0" fileid="9" />
              </SequencePoints>
              <BranchPoints />
            </Method>
            <Method visited="true" cyclomaticComplexity="0" nPathComplexity="0" sequenceCoverage="100.0" branchCoverage="0" crapScore="0" isConstructor="false" isStatic="false" isGetter="false" isSetter="false">
              <Summary numSequencePoints="9" visitedSequencePoints="9" numBranchPoints="0" visitedBranchPoints="0" sequenceCoverage="100.0" branchCoverage="0" maxCyclomaticComplexity="0" minCyclomaticComplexity="0" maxCrapScore="0" minCrapScore="0" visitedClasses="0" numClasses="0" visitedMethods="1" numMethods="1" />
              <MetadataToken>100663333</MetadataToken>
              <Name>System.Void FindablesService::ResetFindables()</Name>
              <FileRef uid="9" />
              <SequencePoints>
                <SequencePoint vc="3" uspid="263" ordinal="0" offset="0" sl="24" sc="5" el="24" ec="5" bec="0" bev="0" fileid="9" />
                <SequencePoint vc="3" uspid="264" ordinal="0" offset="1" sl="25" sc="9" el="25" ec="9" bec="0" bev="0" fileid="9" />
                <SequencePoint vc="3" uspid="265" ordinal="0" offset="8" sl="26" sc="9" el="26" ec="9" bec="0" bev="0" fileid="9" />
                <SequencePoint vc="3" uspid="266" ordinal="0" offset="15" sl="27" sc="9" el="27" ec="9" bec="0" bev="0" fileid="9" />
                <SequencePoint vc="3" uspid="267" ordinal="0" offset="16" sl="27" sc="29" el="27" ec="29" bec="0" bev="0" fileid="9" />
                <SequencePoint vc="9" uspid="268" ordinal="0" offset="27" sl="27" sc="18" el="27" ec="18" bec="0" bev="0" fileid="9" />
                <SequencePoint vc="9" uspid="269" ordinal="0" offset="31" sl="27" sc="50" el="27" ec="50" bec="0" bev="0" fileid="9" />
                <SequencePoint vc="12" uspid="270" ordinal="0" offset="48" sl="27" sc="26" el="27" ec="26" bec="0" bev="0" fileid="9" />
                <SequencePoint vc="3" uspid="271" ordinal="0" offset="54" sl="28" sc="5" el="28" ec="5" bec="0" bev="0" fileid="9" />
              </SequencePoints>
              <BranchPoints />
            </Method>
            <Method visited="true" cyclomaticComplexity="0" nPathComplexity="0" sequenceCoverage="100.0" branchCoverage="0" crapScore="0" isConstructor="false" isStatic="false" isGetter="false" isSetter="false">
              <Summary numSequencePoints="3" visitedSequencePoints="3" numBranchPoints="0" visitedBranchPoints="0" sequenceCoverage="100.0" branchCoverage="0" maxCyclomaticComplexity="0" minCyclomaticComplexity="0" maxCrapScore="0" minCrapScore="0" visitedClasses="0" numClasses="0" visitedMethods="1" numMethods="1" />
              <MetadataToken>100663334</MetadataToken>
              <Name>System.Void FindablesService::SelectableFound()</Name>
              <FileRef uid="9" />
              <SequencePoints>
                <SequencePoint vc="2" uspid="272" ordinal="0" offset="0" sl="31" sc="5" el="31" ec="5" bec="0" bev="0" fileid="9" />
                <SequencePoint vc="2" uspid="273" ordinal="0" offset="1" sl="32" sc="9" el="32" ec="9" bec="0" bev="0" fileid="9" />
                <SequencePoint vc="2" uspid="274" ordinal="0" offset="37" sl="33" sc="5" el="33" ec="5" bec="0" bev="0" fileid="9" />
              </SequencePoints>
              <BranchPoints />
            </Method>
            <Method visited="true" cyclomaticComplexity="0" nPathComplexity="0" sequenceCoverage="100.0" branchCoverage="0" crapScore="0" isConstructor="false" isStatic="false" isGetter="false" isSetter="false">
              <Summary numSequencePoints="3" visitedSequencePoints="3" numBranchPoints="0" visitedBranchPoints="0" sequenceCoverage="100.0" branchCoverage="0" maxCyclomaticComplexity="0" minCyclomaticComplexity="0" maxCrapScore="0" minCrapScore="0" visitedClasses="0" numClasses="0" visitedMethods="1" numMethods="1" />
              <MetadataToken>100663335</MetadataToken>
              <Name>System.Void FindablesService::Init()</Name>
              <FileRef uid="9" />
              <SequencePoints>
                <SequencePoint vc="3" uspid="275" ordinal="0" offset="0" sl="36" sc="5" el="36" ec="5" bec="0" bev="0" fileid="9" />
                <SequencePoint vc="3" uspid="276" ordinal="0" offset="1" sl="37" sc="9" el="37" ec="9" bec="0" bev="0" fileid="9" />
                <SequencePoint vc="3" uspid="277" ordinal="0" offset="18" sl="38" sc="5" el="38" ec="5" bec="0" bev="0" fileid="9" />
              </SequencePoints>
              <BranchPoints />
            </Method>
            <Method visited="true" cyclomaticComplexity="0" nPathComplexity="0" sequenceCoverage="100.0" branchCoverage="0" crapScore="0" isConstructor="true" isStatic="false" isGetter="false" isSetter="false">
              <Summary numSequencePoints="8" visitedSequencePoints="8" numBranchPoints="0" visitedBranchPoints="0" sequenceCoverage="100.0" branchCoverage="0" maxCyclomaticComplexity="0" minCyclomaticComplexity="0" maxCrapScore="0" minCrapScore="0" visitedClasses="0" numClasses="0" visitedMethods="1" numMethods="1" />
              <MetadataToken>100663332</MetadataToken>
              <Name>FindablesService::FindablesService(UnityEngine.GameObject, UnityEngine.Sprite, UnityEngine.Sprite)</Name>
              <FileRef uid="9" />
              <SequencePoints>
                <SequencePoint vc="1" uspid="278" ordinal="0" offset="0" sl="8" sc="5" el="8" ec="5" bec="0" bev="0" fileid="9" />
                <SequencePoint vc="1" uspid="279" ordinal="0" offset="7" sl="15" sc="5" el="15" ec="5" bec="0" bev="0" fileid="9" />
                <SequencePoint vc="1" uspid="280" ordinal="0" offset="14" sl="16" sc="5" el="16" ec="5" bec="0" bev="0" fileid="9" />
                <SequencePoint vc="1" uspid="281" ordinal="0" offset="15" sl="17" sc="9" el="17" ec="9" bec="0" bev="0" fileid="9" />
                <SequencePoint vc="1" uspid="282" ordinal="0" offset="22" sl="18" sc="9" el="18" ec="9" bec="0" bev="0" fileid="9" />
                <SequencePoint vc="1" uspid="283" ordinal="0" offset="29" sl="19" sc="9" el="19" ec="9" bec="0" bev="0" fileid="9" />
                <SequencePoint vc="1" uspid="284" ordinal="0" offset="36" sl="20" sc="9" el="20" ec="9" bec="0" bev="0" fileid="9" />
                <SequencePoint vc="1" uspid="285" ordinal="0" offset="43" sl="21" sc="5" el="21" ec="5" bec="0" bev="0" fileid="9" />
              </SequencePoints>
              <BranchPoints />
            </Method>
          </Methods>
        </Class>
        <Class>
          <Summary numSequencePoints="26" visitedSequencePoints="25" numBranchPoints="0" visitedBranchPoints="0" sequenceCoverage="96.15" branchCoverage="0.0" maxCyclomaticComplexity="0" minCyclomaticComplexity="0" maxCrapScore="0" minCrapScore="0" visitedClasses="1" numClasses="1" visitedMethods="4" numMethods="4" />
          <FullName>SelectablesManager</FullName>
          <Methods>
            <Method visited="true" cyclomaticComplexity="0" nPathComplexity="0" sequenceCoverage="100.0" branchCoverage="0" crapScore="0" isConstructor="false" isStatic="false" isGetter="false" isSetter="false">
              <Summary numSequencePoints="4" visitedSequencePoints="4" numBranchPoints="0" visitedBranchPoints="0" sequenceCoverage="100.0" branchCoverage="0" maxCyclomaticComplexity="0" minCyclomaticComplexity="0" maxCrapScore="0" minCrapScore="0" visitedClasses="0" numClasses="0" visitedMethods="1" numMethods="1" />
              <MetadataToken>100663348</MetadataToken>
              <Name>System.Void SelectablesManager::Construct(IFindablesService)</Name>
              <FileRef uid="11" />
              <SequencePoints>
                <SequencePoint vc="1" uspid="317" ordinal="0" offset="0" sl="14" sc="5" el="14" ec="5" bec="0" bev="0" fileid="11" />
                <SequencePoint vc="1" uspid="318" ordinal="0" offset="1" sl="15" sc="9" el="15" ec="9" bec="0" bev="0" fileid="11" />
                <SequencePoint vc="1" uspid="319" ordinal="0" offset="8" sl="16" sc="9" el="16" ec="9" bec="0" bev="0" fileid="11" />
                <SequencePoint vc="1" uspid="320" ordinal="0" offset="15" sl="17" sc="5" el="17" ec="5" bec="0" bev="0" fileid="11" />
              </SequencePoints>
              <BranchPoints />
            </Method>
            <Method visited="true" cyclomaticComplexity="0" nPathComplexity="0" sequenceCoverage="100.0" branchCoverage="0" crapScore="0" isConstructor="false" isStatic="false" isGetter="false" isSetter="false">
              <Summary numSequencePoints="9" visitedSequencePoints="9" numBranchPoints="0" visitedBranchPoints="0" sequenceCoverage="100.0" branchCoverage="0" maxCyclomaticComplexity="0" minCyclomaticComplexity="0" maxCrapScore="0" minCrapScore="0" visitedClasses="0" numClasses="0" visitedMethods="1" numMethods="1" />
              <MetadataToken>100663349</MetadataToken>
              <Name>System.Void SelectablesManager::Init()</Name>
              <FileRef uid="11" />
              <SequencePoints>
                <SequencePoint vc="1" uspid="321" ordinal="0" offset="0" sl="20" sc="5" el="20" ec="5" bec="0" bev="0" fileid="11" />
                <SequencePoint vc="1" uspid="322" ordinal="0" offset="1" sl="21" sc="9" el="21" ec="9" bec="0" bev="0" fileid="11" />
                <SequencePoint vc="1" uspid="323" ordinal="0" offset="13" sl="22" sc="9" el="22" ec="9" bec="0" bev="0" fileid="11" />
                <SequencePoint vc="1" uspid="324" ordinal="0" offset="14" sl="22" sc="43" el="22" ec="43" bec="0" bev="0" fileid="11" />
                <SequencePoint vc="6" uspid="325" ordinal="0" offset="25" sl="22" sc="18" el="22" ec="18" bec="0" bev="0" fileid="11" />
                <SequencePoint vc="6" uspid="326" ordinal="0" offset="29" sl="23" sc="13" el="23" ec="13" bec="0" bev="0" fileid="11" />
                <SequencePoint vc="7" uspid="327" ordinal="0" offset="52" sl="22" sc="40" el="22" ec="40" bec="0" bev="0" fileid="11" />
                <SequencePoint vc="1" uspid="328" ordinal="0" offset="58" sl="24" sc="9" el="24" ec="9" bec="0" bev="0" fileid="11" />
                <SequencePoint vc="1" uspid="329" ordinal="0" offset="65" sl="25" sc="5" el="25" ec="5" bec="0" bev="0" fileid="11" />
              </SequencePoints>
              <BranchPoints />
            </Method>
            <Method visited="true" cyclomaticComplexity="0" nPathComplexity="0" sequenceCoverage="100.0" branchCoverage="0" crapScore="0" isConstructor="false" isStatic="false" isGetter="false" isSetter="false">
              <Summary numSequencePoints="8" visitedSequencePoints="8" numBranchPoints="0" visitedBranchPoints="0" sequenceCoverage="100.0" branchCoverage="0" maxCyclomaticComplexity="0" minCyclomaticComplexity="0" maxCrapScore="0" minCrapScore="0" visitedClasses="0" numClasses="0" visitedMethods="1" numMethods="1" />
              <MetadataToken>100663350</MetadataToken>
              <Name>System.Void SelectablesManager::ResetSelectables()</Name>
              <FileRef uid="11" />
              <SequencePoints>
                <SequencePoint vc="2" uspid="330" ordinal="0" offset="0" sl="28" sc="5" el="28" ec="5" bec="0" bev="0" fileid="11" />
                <SequencePoint vc="2" uspid="331" ordinal="0" offset="1" sl="29" sc="9" el="29" ec="9" bec="0" bev="0" fileid="11" />
                <SequencePoint vc="2" uspid="332" ordinal="0" offset="2" sl="29" sc="34" el="29" ec="34" bec="0" bev="0" fileid="11" />
                <SequencePoint vc="12" uspid="333" ordinal="0" offset="13" sl="29" sc="18" el="29" ec="18" bec="0" bev="0" fileid="11" />
                <SequencePoint vc="12" uspid="334" ordinal="0" offset="17" sl="29" sc="48" el="29" ec="48" bec="0" bev="0" fileid="11" />
                <SequencePoint vc="14" uspid="335" ordinal="0" offset="28" sl="29" sc="31" el="29" ec="31" bec="0" bev="0" fileid="11" />
                <SequencePoint vc="2" uspid="336" ordinal="0" offset="34" sl="30" sc="9" el="30" ec="9" bec="0" bev="0" fileid="11" />
                <SequencePoint vc="2" uspid="337" ordinal="0" offset="46" sl="31" sc="5" el="31" ec="5" bec="0" bev="0" fileid="11" />
              </SequencePoints>
              <BranchPoints />
            </Method>
            <Method visited="true" cyclomaticComplexity="0" nPathComplexity="0" sequenceCoverage="80.00" branchCoverage="0" crapScore="0" isConstructor="false" isStatic="false" isGetter="false" isSetter="false">
              <Summary numSequencePoints="5" visitedSequencePoints="4" numBranchPoints="0" visitedBranchPoints="0" sequenceCoverage="80.00" branchCoverage="0" maxCyclomaticComplexity="0" minCyclomaticComplexity="0" maxCrapScore="0" minCrapScore="0" visitedClasses="0" numClasses="0" visitedMethods="1" numMethods="1" />
              <MetadataToken>100663351</MetadataToken>
              <Name>System.Void SelectablesManager::OnSelectableFound(Selectable)</Name>
              <FileRef uid="11" />
              <SequencePoints>
                <SequencePoint vc="2" uspid="338" ordinal="0" offset="0" sl="34" sc="5" el="34" ec="5" bec="0" bev="0" fileid="11" />
                <SequencePoint vc="2" uspid="339" ordinal="0" offset="1" sl="35" sc="9" el="35" ec="9" bec="0" bev="0" fileid="11" />
                <SequencePoint vc="2" uspid="340" ordinal="0" offset="13" sl="36" sc="9" el="36" ec="9" bec="0" bev="0" fileid="11" />
                <SequencePoint vc="0" uspid="341" ordinal="0" offset="38" sl="37" sc="13" el="37" ec="13" bec="0" bev="0" fileid="11" />
                <SequencePoint vc="2" uspid="342" ordinal="0" offset="49" sl="38" sc="5" el="38" ec="5" bec="0" bev="0" fileid="11" />
              </SequencePoints>
              <BranchPoints />
            </Method>
          </Methods>
        </Class>
      </Classes>
    </Module>
  </Modules>
</CoverageSession>