<?xml version="1.0" encoding="utf-8"?>
<CoverageSession xmlns:xsd="http://www.w3.org/2001/XMLSchema" xmlns:xsi="http://www.w3.org/2001/XMLSchema-instance" Version="0.0.0.0">
  <Summary numSequencePoints="16" visitedSequencePoints="11" numBranchPoints="0" visitedBranchPoints="0" sequenceCoverage="68.75" branchCoverage="0.0" maxCyclomaticComplexity="0" minCyclomaticComplexity="0" maxCrapScore="0" minCrapScore="0" visitedClasses="1" numClasses="1" visitedMethods="3" numMethods="3" />
  <Modules>
    <Module>
      <Summary numSequencePoints="16" visitedSequencePoints="11" numBranchPoints="0" visitedBranchPoints="0" sequenceCoverage="68.75" branchCoverage="0.0" maxCyclomaticComplexity="0" minCyclomaticComplexity="0" maxCrapScore="0" minCrapScore="0" visitedClasses="1" numClasses="1" visitedMethods="3" numMethods="3" />
      <ModuleTime>0001-01-01T00:00:00</ModuleTime>
      <ModuleName>SecurityAffairs</ModuleName>
      <Files>
        <File uid="1" fullPath="I:/GameDev/Unity Projects del Disco duro de Sergio/SecurityAffairs/Assets/Scripts/AnimationPlaySound.cs" />
        <File uid="2" fullPath="I:/GameDev/Unity Projects del Disco duro de Sergio/SecurityAffairs/Assets/Scripts/ClockAudioManager.cs" />
        <File uid="3" fullPath="I:/GameDev/Unity Projects del Disco duro de Sergio/SecurityAffairs/Assets/Scripts/Constants.cs" />
        <File uid="4" fullPath="I:/GameDev/Unity Projects del Disco duro de Sergio/SecurityAffairs/Assets/Scripts/DisableImage.cs" />
        <File uid="5" fullPath="I:/GameDev/Unity Projects del Disco duro de Sergio/SecurityAffairs/Assets/Scripts/Engine.cs" />
        <File uid="6" fullPath="I:/GameDev/Unity Projects del Disco duro de Sergio/SecurityAffairs/Assets/Scripts/Installers/GameInstaller.cs" />
        <File uid="7" fullPath="I:/GameDev/Unity Projects del Disco duro de Sergio/SecurityAffairs/Assets/Scripts/PlaySoundScript.cs" />
        <File uid="8" fullPath="I:/GameDev/Unity Projects del Disco duro de Sergio/SecurityAffairs/Assets/Scripts/ResolutionSelector.cs" />
        <File uid="9" fullPath="I:/GameDev/Unity Projects del Disco duro de Sergio/SecurityAffairs/Assets/Scripts/Selectable.cs" />
        <File uid="10" fullPath="I:/GameDev/Unity Projects del Disco duro de Sergio/SecurityAffairs/Assets/Scripts/Services/AudioService.cs" />
        <File uid="11" fullPath="I:/GameDev/Unity Projects del Disco duro de Sergio/SecurityAffairs/Assets/Scripts/Services/FindablesService.cs" />
        <File uid="12" fullPath="I:/GameDev/Unity Projects del Disco duro de Sergio/SecurityAffairs/Assets/Scripts/Services/ResolutionsService.cs" />
        <File uid="13" fullPath="I:/GameDev/Unity Projects del Disco duro de Sergio/SecurityAffairs/Assets/Scripts/Services/SelectablesManager.cs" />
        <File uid="14" fullPath="I:/GameDev/Unity Projects del Disco duro de Sergio/SecurityAffairs/Assets/Scripts/SwitchClickableChildren.cs" />
      </Files>
      <Classes>
        <Class>
          <Summary numSequencePoints="16" visitedSequencePoints="11" numBranchPoints="0" visitedBranchPoints="0" sequenceCoverage="68.75" branchCoverage="0.0" maxCyclomaticComplexity="0" minCyclomaticComplexity="0" maxCrapScore="0" minCrapScore="0" visitedClasses="1" numClasses="1" visitedMethods="3" numMethods="3" />
          <FullName>Engine</FullName>
          <Methods>
            <Method visited="true" cyclomaticComplexity="0" nPathComplexity="0" sequenceCoverage="83.33" branchCoverage="0" crapScore="0" isConstructor="false" isStatic="false" isGetter="false" isSetter="false">
              <Summary numSequencePoints="6" visitedSequencePoints="5" numBranchPoints="0" visitedBranchPoints="0" sequenceCoverage="83.33" branchCoverage="0" maxCyclomaticComplexity="0" minCyclomaticComplexity="0" maxCrapScore="0" minCrapScore="0" visitedClasses="0" numClasses="0" visitedMethods="1" numMethods="1" />
              <MetadataToken>100663310</MetadataToken>
              <Name>System.Void Engine::Start()</Name>
              <FileRef uid="5" />
              <SequencePoints>
                <SequencePoint vc="1" uspid="20" ordinal="0" offset="0" sl="20" sc="5" el="20" ec="5" bec="0" bev="0" fileid="5" />
                <SequencePoint vc="1" uspid="21" ordinal="0" offset="1" sl="21" sc="9" el="21" ec="9" bec="0" bev="0" fileid="5" />
                <SequencePoint vc="0" uspid="22" ordinal="0" offset="28" sl="21" sc="59" el="21" ec="59" bec="0" bev="0" fileid="5" />
                <SequencePoint vc="1" uspid="23" ordinal="0" offset="37" sl="22" sc="14" el="22" ec="14" bec="0" bev="0" fileid="5" />
                <SequencePoint vc="1" uspid="24" ordinal="0" offset="44" sl="24" sc="9" el="24" ec="9" bec="0" bev="0" fileid="5" />
                <SequencePoint vc="1" uspid="25" ordinal="0" offset="61" sl="25" sc="5" el="25" ec="5" bec="0" bev="0" fileid="5" />
              </SequencePoints>
              <BranchPoints />
            </Method>
            <Method visited="true" cyclomaticComplexity="0" nPathComplexity="0" sequenceCoverage="50.00" branchCoverage="0" crapScore="0" isConstructor="false" isStatic="false" isGetter="false" isSetter="false">
              <Summary numSequencePoints="8" visitedSequencePoints="4" numBranchPoints="0" visitedBranchPoints="0" sequenceCoverage="50.00" branchCoverage="0" maxCyclomaticComplexity="0" minCyclomaticComplexity="0" maxCrapScore="0" minCrapScore="0" visitedClasses="0" numClasses="0" visitedMethods="1" numMethods="1" />
              <MetadataToken>100663311</MetadataToken>
              <Name>System.Void Engine::Update()</Name>
              <FileRef uid="5" />
              <SequencePoints>
                <SequencePoint vc="70" uspid="26" ordinal="0" offset="0" sl="29" sc="5" el="29" ec="5" bec="0" bev="0" fileid="5" />
                <SequencePoint vc="70" uspid="27" ordinal="0" offset="1" sl="30" sc="9" el="30" ec="9" bec="0" bev="0" fileid="5" />
                <SequencePoint vc="70" uspid="28" ordinal="0" offset="14" sl="30" sc="26" el="30" ec="26" bec="0" bev="0" fileid="5" />
                <SequencePoint vc="0" uspid="29" ordinal="0" offset="16" sl="32" sc="9" el="32" ec="9" bec="0" bev="0" fileid="5" />
                <SequencePoint vc="0" uspid="30" ordinal="0" offset="38" sl="33" sc="9" el="33" ec="9" bec="0" bev="0" fileid="5" />
                <SequencePoint vc="0" uspid="31" ordinal="0" offset="56" sl="34" sc="9" el="34" ec="9" bec="0" bev="0" fileid="5" />
                <SequencePoint vc="0" uspid="32" ordinal="0" offset="66" sl="34" sc="22" el="34" ec="22" bec="0" bev="0" fileid="5" />
                <SequencePoint vc="70" uspid="33" ordinal="0" offset="73" sl="35" sc="5" el="35" ec="5" bec="0" bev="0" fileid="5" />
              </SequencePoints>
              <BranchPoints />
            </Method>
            <Method visited="true" cyclomaticComplexity="0" nPathComplexity="0" sequenceCoverage="100.0" branchCoverage="0" crapScore="0" isConstructor="true" isStatic="false" isGetter="false" isSetter="false">
              <Summary numSequencePoints="2" visitedSequencePoints="2" numBranchPoints="0" visitedBranchPoints="0" sequenceCoverage="100.0" branchCoverage="0" maxCyclomaticComplexity="0" minCyclomaticComplexity="0" maxCrapScore="0" minCrapScore="0" visitedClasses="0" numClasses="0" visitedMethods="1" numMethods="1" />
              <MetadataToken>100663314</MetadataToken>
              <Name>Engine::Engine()</Name>
              <FileRef uid="5" />
              <SequencePoints>
                <SequencePoint vc="2" uspid="48" ordinal="0" offset="0" sl="10" sc="5" el="10" ec="5" bec="0" bev="0" fileid="5" />
                <SequencePoint vc="2" uspid="49" ordinal="0" offset="7" sl="11" sc="5" el="11" ec="5" bec="0" bev="0" fileid="5" />
              </SequencePoints>
              <BranchPoints />
            </Method>
          </Methods>
        </Class>
      </Classes>
    </Module>
  </Modules>
</CoverageSession>